<?xml version="1.0" encoding="UTF-8"?>
<!-- Generated by org.testng.reporters.JUnitReportReporter -->
<testsuite hostname="LAPTOP-4JTKA1AB" failures="0" tests="1" name="com.happyPath.testcases.LoginPageTest" time="4.944" errors="0" timestamp="2021-04-05T23:53:12 IST" skipped="0">
  <testcase classname="com.happyPath.testcases.LoginPageTest" name="LoginSuccessTest" time="4.944"/>
  <system-out/>
</testsuite> <!-- com.happyPath.testcases.LoginPageTest -->
