<?xml version="1.0" encoding="UTF-8"?>
<!-- Generated by org.testng.reporters.JUnitReportReporter -->
<testsuite hostname="LAPTOP-4JTKA1AB" failures="0" tests="1" name="com.happyPath.testcases.LoginPageTest" time="6.953" errors="0" timestamp="2021-04-06T00:20:18 IST" skipped="0">
  <testcase classname="com.happyPath.testcases.LoginPageTest" name="LoginSuccessTest" time="6.953"/>
  <system-out/>
</testsuite> <!-- com.happyPath.testcases.LoginPageTest -->
