<?xml version="1.0" encoding="UTF-8"?>
<!-- Generated by org.testng.reporters.JUnitReportReporter -->
<testsuite hostname="LAPTOP-4JTKA1AB" failures="0" tests="1" name="com.happyPath.testcases.LoginPageTest" time="13.967" errors="0" timestamp="2021-04-04T12:10:14 IST" skipped="0">
  <testcase classname="com.happyPath.testcases.LoginPageTest" name="LoginSuccessTest" time="13.967"/>
  <system-out/>
</testsuite> <!-- com.happyPath.testcases.LoginPageTest -->
