<?xml version="1.0" encoding="UTF-8"?>
<!-- Generated by org.testng.reporters.JUnitReportReporter -->
<testsuite hostname="LAPTOP-4JTKA1AB" failures="0" tests="1" name="com.happyPath.testcases.LoginPageTest" time="5.154" errors="0" timestamp="4 Apr 2021 06:57:59 GMT">
  <testcase classname="com.happyPath.testcases.LoginPageTest" name="LoginSuccessTest" time="5.154"/>
</testsuite> <!-- com.happyPath.testcases.LoginPageTest -->
