<?xml version="1.0" encoding="UTF-8"?>
<!-- Generated by org.testng.reporters.JUnitReportReporter -->
<testsuite hostname="LAPTOP-4JTKA1AB" failures="0" tests="2" name="com.happyPath.testcases.LoginPageTest" time="9.951" errors="0" timestamp="6 Apr 2021 06:47:48 GMT">
  <testcase classname="com.happyPath.testcases.LoginPageTest" name="testMesssage" time="6.609"/>
  <testcase classname="com.happyPath.testcases.LoginPageTest" name="LoginSuccessTest" time="3.342"/>
</testsuite> <!-- com.happyPath.testcases.LoginPageTest -->
