<?xml version="1.0" encoding="UTF-8"?>
<!-- Generated by org.testng.reporters.JUnitReportReporter -->
<testsuite hostname="LAPTOP-4JTKA1AB" failures="0" tests="2" name="com.happyPath.testcases.LoginPageTest" time="7.762" errors="0" timestamp="5 Apr 2021 20:05:14 GMT">
  <testcase classname="com.happyPath.testcases.LoginPageTest" name="testMesssage" time="4.837"/>
  <testcase classname="com.happyPath.testcases.LoginPageTest" name="LoginSuccessTest" time="2.925"/>
</testsuite> <!-- com.happyPath.testcases.LoginPageTest -->
