<?xml version="1.0" encoding="UTF-8"?>
<!-- Generated by org.testng.reporters.JUnitReportReporter -->
<testsuite hostname="LAPTOP-4JTKA1AB" failures="0" tests="1" name="com.happyPath.testcases.LoginPageTest" time="4.165" errors="0" timestamp="6 Apr 2021 07:19:10 GMT">
  <testcase classname="com.happyPath.testcases.LoginPageTest" name="LoginSuccessTest" time="4.165"/>
</testsuite> <!-- com.happyPath.testcases.LoginPageTest -->
