<?xml version="1.0" encoding="UTF-8"?>
<!-- Generated by org.testng.reporters.JUnitReportReporter -->
<testsuite hostname="LAPTOP-4JTKA1AB" failures="0" tests="1" name="com.happyPath.testcases.LoginPageTest" time="15.359" errors="0" timestamp="5 Apr 2021 19:39:08 GMT">
  <testcase classname="com.happyPath.testcases.LoginPageTest" name="LoginSuccessTest" time="15.359"/>
</testsuite> <!-- com.happyPath.testcases.LoginPageTest -->
