<?xml version="1.0" encoding="UTF-8"?>
<!-- Generated by org.testng.reporters.JUnitReportReporter -->
<testsuite hostname="LAPTOP-4JTKA1AB" failures="0" tests="1" name="com.happyPath.testcases.LoginPageTest" time="6.159" errors="0" timestamp="4 Apr 2021 06:47:46 GMT">
  <testcase classname="com.happyPath.testcases.LoginPageTest" name="LoginSuccessTest" time="6.159"/>
</testsuite> <!-- com.happyPath.testcases.LoginPageTest -->
